;  LST file generated by mikroListExporter - v.2.0 
; Date/Time: 12-Dec-21 22:23:50
;----------------------------------------------

;Address Opcode 	ASM
0x0000	0x2815      	GOTO       21
_____DoICP:
0x0003	0x1283      	BCF        STATUS, 5
0x0004	0x0835      	MOVF       ___DoICPAddr+1, 0
0x0005	0x008A      	MOVWF      PCLATH
0x0006	0x0834      	MOVF       ___DoICPAddr, 0
0x0007	0x0082      	MOVWF      PCL
L_end_____DoICP:
0x0008	0x0008      	RETURN
; end of _____DoICP
___CC2DW:
_CC2D_Loop1:
0x0009	0x2003      	CALL       _____DoICP
0x000A	0x118A      	BCF        PCLATH, 3
0x000B	0x120A      	BCF        PCLATH, 4
0x000C	0x0080      	MOVWF      INDF
0x000D	0x0A84      	INCF       FSR, 1
0x000E	0x0AB4      	INCF       ___DoICPAddr, 1
0x000F	0x1903      	BTFSC      STATUS, 2
0x0010	0x0AB5      	INCF       ___DoICPAddr+1, 1
0x0011	0x03C0      	DECF       R0, 1
0x0012	0x1D03      	BTFSS      STATUS, 2
0x0013	0x2809      	GOTO       _CC2D_Loop1
L_end___CC2DW:
0x0014	0x0008      	RETURN
; end of ___CC2DW
_main:
0x0015	0x20B8      	CALL       184
0x0016	0x1283      	BCF        STATUS, 5
0x0017	0x01B6      	CLRF       _I
0x0018	0x01B7      	CLRF       _I+1
L_main0:
0x0019	0x3080      	MOVLW      128
0x001A	0x00C0      	MOVWF      R0
0x001B	0x3080      	MOVLW      128
0x001C	0x0637      	XORWF      _I+1, 0
0x001D	0x0240      	SUBWF      R0, 0
0x001E	0x1D03      	BTFSS      STATUS, 2
0x001F	0x2822      	GOTO       L__main11
0x0020	0x0836      	MOVF       _I, 0
0x0021	0x3C09      	SUBLW      9
L__main11:
0x0022	0x1C03      	BTFSS      STATUS, 0
0x0023	0x2889      	GOTO       L_main1
0x0024	0x01B8      	CLRF       _J
0x0025	0x01B9      	CLRF       _J+1
L_main3:
0x0026	0x3080      	MOVLW      128
0x0027	0x00C0      	MOVWF      R0
0x0028	0x3080      	MOVLW      128
0x0029	0x0639      	XORWF      _J+1, 0
0x002A	0x0240      	SUBWF      R0, 0
0x002B	0x1D03      	BTFSS      STATUS, 2
0x002C	0x282F      	GOTO       L__main12
0x002D	0x0838      	MOVF       _J, 0
0x002E	0x3C09      	SUBLW      9
L__main12:
0x002F	0x1C03      	BTFSS      STATUS, 0
0x0030	0x2885      	GOTO       L_main4
0x0031	0x01BA      	CLRF       _K
0x0032	0x01BB      	CLRF       _K+1
L_main6:
0x0033	0x3080      	MOVLW      128
0x0034	0x00C0      	MOVWF      R0
0x0035	0x3080      	MOVLW      128
0x0036	0x063B      	XORWF      _K+1, 0
0x0037	0x0240      	SUBWF      R0, 0
0x0038	0x1D03      	BTFSS      STATUS, 2
0x0039	0x283C      	GOTO       L__main13
0x003A	0x083A      	MOVF       _K, 0
0x003B	0x3C09      	SUBLW      9
L__main13:
0x003C	0x1C03      	BTFSS      STATUS, 0
0x003D	0x2881      	GOTO       L_main7
0x003E	0x1683      	BSF        STATUS, 5
0x003F	0x0185      	CLRF       TRISA
0x0040	0x0186      	CLRF       TRISB
0x0041	0x0836      	MOVF       _I, 0
0x0042	0x00C0      	MOVWF      R0
0x0043	0x0837      	MOVF       _I+1, 0
0x0044	0x00C1      	MOVWF      R0+1
0x0045	0x0DC0      	RLF        R0, 1
0x0046	0x0DC1      	RLF        R0+1, 1
0x0047	0x1040      	BCF        R0, 0
0x0048	0x0840      	MOVF       R0, 0
0x0049	0x3E0C      	ADDLW      _Tab2
0x004A	0x0084      	MOVWF      FSR
0x004B	0x0800      	MOVF       INDF, 0
0x004C	0x1283      	BCF        STATUS, 5
0x004D	0x0086      	MOVWF      PORTB
0x004E	0x0185      	CLRF       PORTA
0x004F	0x3001      	MOVLW      1
0x0050	0x0085      	MOVWF      PORTA
0x0051	0x0838      	MOVF       _J, 0
0x0052	0x00C0      	MOVWF      R0
0x0053	0x0839      	MOVF       _J+1, 0
0x0054	0x00C1      	MOVWF      R0+1
0x0055	0x0DC0      	RLF        R0, 1
0x0056	0x0DC1      	RLF        R0+1, 1
0x0057	0x1040      	BCF        R0, 0
0x0058	0x0840      	MOVF       R0, 0
0x0059	0x3E0C      	ADDLW      _Tab2
0x005A	0x0084      	MOVWF      FSR
0x005B	0x0800      	MOVF       INDF, 0
0x005C	0x0086      	MOVWF      PORTB
0x005D	0x0185      	CLRF       PORTA
0x005E	0x3002      	MOVLW      2
0x005F	0x0085      	MOVWF      PORTA
0x0060	0x083A      	MOVF       _K, 0
0x0061	0x00C0      	MOVWF      R0
0x0062	0x083B      	MOVF       _K+1, 0
0x0063	0x00C1      	MOVWF      R0+1
0x0064	0x0DC0      	RLF        R0, 1
0x0065	0x0DC1      	RLF        R0+1, 1
0x0066	0x1040      	BCF        R0, 0
0x0067	0x0840      	MOVF       R0, 0
0x0068	0x3E20      	ADDLW      _Tab1
0x0069	0x0084      	MOVWF      FSR
0x006A	0x0800      	MOVF       INDF, 0
0x006B	0x0086      	MOVWF      PORTB
0x006C	0x0185      	CLRF       PORTA
0x006D	0x3004      	MOVLW      4
0x006E	0x0085      	MOVWF      PORTA
0x006F	0x3006      	MOVLW      6
0x0070	0x00CB      	MOVWF      R11
0x0071	0x3013      	MOVLW      19
0x0072	0x00CC      	MOVWF      R12
0x0073	0x30AD      	MOVLW      173
0x0074	0x00CD      	MOVWF      R13
L_main9:
0x0075	0x0BCD      	DECFSZ     R13, 1
0x0076	0x2875      	GOTO       L_main9
0x0077	0x0BCC      	DECFSZ     R12, 1
0x0078	0x2875      	GOTO       L_main9
0x0079	0x0BCB      	DECFSZ     R11, 1
0x007A	0x2875      	GOTO       L_main9
0x007B	0x0000      	NOP
0x007C	0x0000      	NOP
0x007D	0x0ABA      	INCF       _K, 1
0x007E	0x1903      	BTFSC      STATUS, 2
0x007F	0x0ABB      	INCF       _K+1, 1
0x0080	0x2833      	GOTO       L_main6
L_main7:
0x0081	0x0AB8      	INCF       _J, 1
0x0082	0x1903      	BTFSC      STATUS, 2
0x0083	0x0AB9      	INCF       _J+1, 1
0x0084	0x2826      	GOTO       L_main3
L_main4:
0x0085	0x0AB6      	INCF       _I, 1
0x0086	0x1903      	BTFSC      STATUS, 2
0x0087	0x0AB7      	INCF       _I+1, 1
0x0088	0x2819      	GOTO       L_main0
L_main1:
L_end_main:
0x0089	0x2889      	GOTO       $+0
; end of _main
0x00B8	0x300C      	MOVLW      12
0x00B9	0x0084      	MOVWF      FSR
0x00BA	0x3028      	MOVLW      40
0x00BB	0x1283      	BCF        STATUS, 5
0x00BC	0x00C0      	MOVWF      R0
0x00BD	0x308F      	MOVLW      143
0x00BE	0x00B4      	MOVWF      ___DoICPAddr
0x00BF	0x3000      	MOVLW      0
0x00C0	0x00B5      	MOVWF      53
0x00C1	0x2009      	CALL       9
0x00C2	0x0008      	RETURN
;code.c,0 :: ?ICS_Tab2
0x008F	0x343F ;?ICS_Tab2+0
0x0090	0x3400 ;?ICS_Tab2+1
0x0091	0x3406 ;?ICS_Tab2+2
0x0092	0x3400 ;?ICS_Tab2+3
0x0093	0x345B ;?ICS_Tab2+4
0x0094	0x3400 ;?ICS_Tab2+5
0x0095	0x344F ;?ICS_Tab2+6
0x0096	0x3400 ;?ICS_Tab2+7
0x0097	0x3466 ;?ICS_Tab2+8
0x0098	0x3400 ;?ICS_Tab2+9
0x0099	0x346D ;?ICS_Tab2+10
0x009A	0x3400 ;?ICS_Tab2+11
0x009B	0x347D ;?ICS_Tab2+12
0x009C	0x3400 ;?ICS_Tab2+13
0x009D	0x3407 ;?ICS_Tab2+14
0x009E	0x3400 ;?ICS_Tab2+15
0x009F	0x347F ;?ICS_Tab2+16
0x00A0	0x3400 ;?ICS_Tab2+17
0x00A1	0x346F ;?ICS_Tab2+18
0x00A2	0x3400 ;?ICS_Tab2+19
; end of ?ICS_Tab2
;code.c,0 :: ?ICS_Tab1
0x00A3	0x34C0 ;?ICS_Tab1+0
0x00A4	0x3400 ;?ICS_Tab1+1
0x00A5	0x34F9 ;?ICS_Tab1+2
0x00A6	0x3400 ;?ICS_Tab1+3
0x00A7	0x34A4 ;?ICS_Tab1+4
0x00A8	0x3400 ;?ICS_Tab1+5
0x00A9	0x34B0 ;?ICS_Tab1+6
0x00AA	0x3400 ;?ICS_Tab1+7
0x00AB	0x3499 ;?ICS_Tab1+8
0x00AC	0x3400 ;?ICS_Tab1+9
0x00AD	0x3492 ;?ICS_Tab1+10
0x00AE	0x3400 ;?ICS_Tab1+11
0x00AF	0x3482 ;?ICS_Tab1+12
0x00B0	0x3400 ;?ICS_Tab1+13
0x00B1	0x34F8 ;?ICS_Tab1+14
0x00B2	0x3400 ;?ICS_Tab1+15
0x00B3	0x3480 ;?ICS_Tab1+16
0x00B4	0x3400 ;?ICS_Tab1+17
0x00B5	0x3490 ;?ICS_Tab1+18
0x00B6	0x3400 ;?ICS_Tab1+19
; end of ?ICS_Tab1
Symbol List:
//** Routines locations **
//ADDRESS    SIZE    PROCEDURE
//----------------------------------------------
0x0003       [6]    _____DoICP
0x0009      [12]    ___CC2DW
0x0015     [116]    _main
//** Variables locations ** 
//ADDRESS    SIZE    VARIABLE
//----------------------------------------------
0x0000       [1]    INDF
0x0002       [1]    PCL
0x0003       [1]    STATUS
0x0004       [1]    FSR
0x0005       [1]    PORTA
0x0006       [1]    PORTB
0x000A       [1]    PCLATH
0x000C      [20]    _Tab2
0x0020      [20]    _Tab1
0x0034       [2]    ___DoICPAddr
0x0036       [2]    _I
0x0038       [2]    _J
0x003A       [2]    _K
0x0040       [1]    R0
0x0041       [1]    R1
0x0042       [1]    R2
0x0043       [1]    R3
0x0044       [1]    R4
0x0045       [1]    R5
0x0046       [1]    R6
0x0047       [1]    R7
0x0048       [1]    R8
0x0049       [1]    R9
0x004A       [1]    R10
0x004B       [1]    R11
0x004C       [1]    R12
0x004D       [1]    R13
0x004E       [1]    R14
0x004F       [1]    R15
0x0085       [1]    TRISA
0x0086       [1]    TRISB
//** Constants locations ** 
//ADDRESS    SIZE    CONSTANT
//----------------------------------------------
0x008F      [20]    ?ICS_Tab2
0x00A3      [20]    ?ICS_Tab1
